{"C:\\Users\\kari\\OneDrive - Háskóli Íslands\\Desktop\\vefforritun2\\verkefni1\\src\\parser.js": {"path":"C:\\Users\\kari\\OneDrive - Háskóli Íslands\\Desktop\\vefforritun2\\verkefni1\\src\\parser.js","statementMap":{"0":{"start":{"line":2,"column":4},"end":{"line":2,"column":34}}},"fnMap":{"0":{"name":"parse","decl":{"start":{"line":1,"column":16},"end":{"line":1,"column":21}},"loc":{"start":{"line":1,"column":29},"end":{"line":3,"column":1}},"line":1}},"branchMap":{},"s":{"0":1},"f":{"0":1},"b":{},"_coverageSchema":"1a1c01bbd47fc00a2c39e90264f33305004495a9","hash":"d3bf612cefe52bd0dfef8bf8678b6e0aed978bf5"}
}
